<?xml version="1.0" encoding="UTF-8"?>
<!-- Generated by org.testng.reporters.JUnitXMLReporter -->
<testsuite ignored="0" hostname="PraveenBhargava" failures="2" tests="2" name="Test" time="27.932" errors="0" timestamp="2024-05-08T19:17:30 GMT-05:00">
  <testcase classname="testCases.TC001_AccountRegistrationTest" name="verify_account_registration" time="0.011">
    <failure type="java.lang.Error" message="Unresolved compilation problems: 
	The method setFirstName(String) is undefined for the type AccountRegistrationPage
	The method setLastName(String) is undefined for the type AccountRegistrationPage
	The method setEmail(String) is undefined for the type AccountRegistrationPage
	The method setTelephone(String) is undefined for the type AccountRegistrationPage
	The method randomAlphaNumberic() is undefined for the type TC001_AccountRegistrationTest
	The method setPassword(String) is undefined for the type AccountRegistrationPage
	The method setConfirmPassword(String) is undefined for the type AccountRegistrationPage
	The method setPrivacyPolicy() is undefined for the type AccountRegistrationPage
	The method clickContinue() is undefined for the type AccountRegistrationPage
	The method getConfirmationMsg() is undefined for the type AccountRegistrationPage
">
      <![CDATA[java.lang.Error: Unresolved compilation problems: 
The method setFirstName(String) is undefined for the type AccountRegistrationPage
The method setLastName(String) is undefined for the type AccountRegistrationPage
The method setEmail(String) is undefined for the type AccountRegistrationPage
The method setTelephone(String) is undefined for the type AccountRegistrationPage
The method randomAlphaNumberic() is undefined for the type TC001_AccountRegistrationTest
The method setPassword(String) is undefined for the type AccountRegistrationPage
The method setConfirmPassword(String) is undefined for the type AccountRegistrationPage
The method setPrivacyPolicy() is undefined for the type AccountRegistrationPage
The method clickContinue() is undefined for the type AccountRegistrationPage
The method getConfirmationMsg() is undefined for the type AccountRegistrationPage

at testCases.TC001_AccountRegistrationTest.verify_account_registration(TC001_AccountRegistrationTest.java:29)
at java.base/java.util.ArrayList.forEach(ArrayList.java:1511)
... Removed 27 stack frames]]>
    </failure>
  </testcase> <!-- verify_account_registration -->
  <testcase classname="testCases.TC_02LoginTest" name="verify_login" time="11.39">
    <failure type="java.lang.AssertionError" message="null">
      <![CDATA[java.lang.AssertionError: null
at testCases.TC_02LoginTest.verify_login(TC_02LoginTest.java:45)
at java.base/java.util.ArrayList.forEach(ArrayList.java:1511)
... Removed 29 stack frames]]>
    </failure>
  </testcase> <!-- verify_login -->
</testsuite> <!-- Test -->
